c:\users\macie\desktop\programowanie\grafy\grafs\release\vc141.pdb
c:\users\macie\desktop\programowanie\grafy\grafs\release\sorts.obj
c:\users\macie\desktop\programowanie\grafy\grafs\release\grafs.obj
c:\users\macie\desktop\programowanie\grafy\grafs\release\grafrepresentation.obj
c:\users\macie\desktop\programowanie\grafy\grafs\release\edgelistgraph.obj
c:\users\macie\desktop\programowanie\grafy\grafs\release\adjacencymatricegraph.obj
c:\users\macie\desktop\programowanie\grafy\grafs\release\adjacencylistgraph.obj
c:\users\macie\desktop\programowanie\grafy\grafs\release\grafs.pch
c:\users\macie\desktop\programowanie\grafy\grafs\release\pch.obj
c:\users\macie\desktop\programowanie\grafy\grafs\release\gen.obj
c:\users\macie\desktop\programowanie\grafy\grafs\release\grafs.ipdb
c:\users\macie\desktop\programowanie\grafy\grafs\release\grafs.iobj
c:\users\macie\desktop\programowanie\grafy\grafs\release\grafs.exe
c:\users\macie\desktop\programowanie\grafy\grafs\release\grafs.pdb
d:\dokumenty\private\studia\ii semestr\algorytmy itd\grafs\grafs\release\adjacencylistgraph.obj
d:\dokumenty\private\studia\ii semestr\algorytmy itd\grafs\grafs\release\adjacencymatricegraph.obj
d:\dokumenty\private\studia\ii semestr\algorytmy itd\grafs\grafs\release\edgelistgraph.obj
d:\dokumenty\private\studia\ii semestr\algorytmy itd\grafs\grafs\release\gen.obj
d:\dokumenty\private\studia\ii semestr\algorytmy itd\grafs\grafs\release\grafrepresentation.obj
d:\dokumenty\private\studia\ii semestr\algorytmy itd\grafs\grafs\release\grafs.obj
d:\dokumenty\private\studia\ii semestr\algorytmy itd\grafs\grafs\release\sorts.obj
d:\dokumenty\private\studia\ii semestr\algorytmy itd\grafs\grafs\release\grafs.ipdb
d:\dokumenty\private\studia\ii semestr\algorytmy itd\grafs\grafs\release\grafs.iobj
d:\dokumenty\private\studia\ii semestr\algorytmy itd\grafs\grafs\release\grafs.pch
d:\dokumenty\private\studia\ii semestr\algorytmy itd\grafs\grafs\release\grafs.pdb
d:\dokumenty\private\studia\ii semestr\algorytmy itd\grafs\grafs\release\vc141.pdb
d:\dokumenty\private\studia\ii semestr\algorytmy itd\grafs\grafs\release\grafs.exe
d:\dokumenty\private\studia\ii semestr\algorytmy itd\grafs\grafs\release\grafs.tlog\cl.command.1.tlog
d:\dokumenty\private\studia\ii semestr\algorytmy itd\grafs\grafs\release\grafs.tlog\cl.read.1.tlog
d:\dokumenty\private\studia\ii semestr\algorytmy itd\grafs\grafs\release\grafs.tlog\cl.write.1.tlog
d:\dokumenty\private\studia\ii semestr\algorytmy itd\grafs\grafs\release\grafs.tlog\grafs.write.1u.tlog
d:\dokumenty\private\studia\ii semestr\algorytmy itd\grafs\grafs\release\grafs.tlog\link.command.1.tlog
d:\dokumenty\private\studia\ii semestr\algorytmy itd\grafs\grafs\release\grafs.tlog\link.read.1.tlog
d:\dokumenty\private\studia\ii semestr\algorytmy itd\grafs\grafs\release\grafs.tlog\link.write.1.tlog
